\BOOKMARK [0][-]{section*.2}{\376\377\000C\000o\000n\000t\000e\000n\000t\000s}{}% 1
\BOOKMARK [0][-]{chapter.1}{\376\377\000I\000n\000t\000r\000o\000d\000u\000c\000t\000i\000o\000n}{}% 2
\BOOKMARK [0][-]{chapter.2}{\376\377\000L\000i\000t\000e\000r\000a\000t\000u\000r\000e\000\040\000R\000e\000v\000i\000e\000w}{}% 3
\BOOKMARK [0][-]{chapter.3}{\376\377\000N\000o\000t\000a\000t\000i\000o\000n\000\040\000a\000n\000d\000\040\000P\000r\000e\000l\000i\000m\000i\000n\000a\000r\000i\000e\000s}{}% 4
\BOOKMARK [0][-]{chapter.4}{\376\377\000A\000l\000g\000o\000r\000i\000t\000h\000m\000\040\000a\000n\000d\000\040\000A\000n\000a\000l\000y\000s\000i\000s}{}% 5
\BOOKMARK [0][-]{chapter.5}{\376\377\000C\000o\000n\000c\000l\000u\000s\000i\000o\000n}{}% 6
\BOOKMARK [0][-]{chapter.6}{\376\377\000M\000o\000d\000e\000l\000-\000f\000r\000e\000e\000\040\000m\000u\000l\000t\000i\000-\000c\000u\000r\000r\000e\000n\000c\000y\000\040\000p\000o\000r\000t\000f\000o\000l\000i\000o\000\040\000r\000e\000t\000u\000r\000n\000s}{}% 7
\BOOKMARK [1][-]{section.6.1}{\376\377\000U\000n\000h\000e\000d\000g\000e\000d\000\040\000P\000o\000r\000t\000f\000o\000l\000i\000o\000\040\000R\000e\000t\000u\000r\000n\000s}{chapter.6}% 8
\BOOKMARK [1][-]{section.6.2}{\376\377\000H\000e\000d\000g\000e\000d\000\040\000P\000o\000r\000t\000f\000o\000l\000i\000o\000\040\000R\000e\000t\000u\000r\000n\000s}{chapter.6}% 9
\BOOKMARK [1][-]{section.6.3}{\376\377\000M\000a\000t\000r\000i\000x\000\040\000R\000e\000p\000r\000e\000s\000e\000n\000t\000a\000t\000i\000o\000n\000\040\000a\000n\000d\000\040\000D\000e\000c\000o\000m\000p\000o\000s\000i\000t\000i\000o\000n}{chapter.6}% 10
\BOOKMARK [0][-]{chapter*.27}{\376\377\000B\000i\000b\000l\000i\000o\000g\000r\000a\000p\000h\000y}{}% 11
\BOOKMARK [0][-]{section*.28}{\376\377\000A\000p\000p\000e\000n\000d\000i\000c\000e\000s}{}% 12
\BOOKMARK [0][-]{appendix*.29}{\376\377\000E\000S\000\040\000O\000p\000t\000i\000m\000i\000z\000a\000t\000i\000o\000n\000\040\000E\000q\000u\000i\000v\000a\000l\000e\000n\000c\000e}{}% 13
\BOOKMARK [0][-]{appendix*.30}{\376\377\000E\000S\000\040\000O\000p\000t\000i\000m\000i\000z\000a\000t\000i\000o\000n\000\040\000I\000m\000p\000l\000e\000m\000e\000n\000t\000a\000t\000i\000o\000n}{}% 14
\BOOKMARK [1][-]{section*.31}{\376\377\000S\000a\000m\000p\000l\000e\000-\000B\000a\000s\000e\000d\000\040\000E\000x\000p\000e\000c\000t\000e\000d\000\040\000S\000h\000o\000r\000t\000f\000a\000l\000l}{appendix*.30}% 15
\BOOKMARK [1][-]{section*.32}{\376\377\000L\000i\000n\000e\000a\000r\000i\000z\000a\000t\000i\000o\000n\000\040\000o\000f\000\040\000t\000h\000e\000\040\000L\0001\000\040\000P\000e\000n\000a\000l\000t\000y\000\040\000a\000n\000d\000\040\000L\000e\000v\000e\000r\000a\000g\000e}{appendix*.30}% 16
\BOOKMARK [1][-]{section*.33}{\376\377\000Q\000u\000a\000d\000r\000a\000t\000i\000c\000\040\000T\000r\000a\000n\000s\000l\000a\000t\000i\000o\000n\000\040\000o\000f\000\040\000t\000h\000e\000\040\000L\0002\000\040\000P\000e\000n\000a\000l\000t\000y}{appendix*.30}% 17
\BOOKMARK [1][-]{section*.34}{\376\377\000S\000e\000p\000a\000r\000a\000t\000e\000\040\000O\000p\000t\000i\000m\000i\000z\000a\000t\000i\000o\000n\000\040\000\050\000C\000u\000r\000r\000e\000n\000c\000y\000\040\000O\000v\000e\000r\000l\000a\000y\000\051}{appendix*.30}% 18
\BOOKMARK [2][-]{section*.35}{\376\377\000S\000t\000e\000p\000\040\0001\000:\000\040\000A\000s\000s\000e\000t\000-\000L\000e\000v\000e\000l\000\040\000O\000p\000t\000i\000m\000i\000z\000a\000t\000i\000o\000n}{section*.34}% 19
\BOOKMARK [2][-]{section*.36}{\376\377\000S\000t\000e\000p\000\040\0002\000:\000\040\000C\000u\000r\000r\000e\000n\000c\000y\000-\000L\000e\000v\000e\000l\000\040\000O\000p\000t\000i\000m\000i\000z\000a\000t\000i\000o\000n}{section*.34}% 20
\BOOKMARK [1][-]{section*.37}{\376\377\000J\000o\000i\000n\000t\000\040\000O\000p\000t\000i\000m\000i\000z\000a\000t\000i\000o\000n\000\040\000F\000r\000a\000m\000e\000w\000o\000r\000k}{appendix*.30}% 21
